<?xml version="1.0" encoding="UTF-8"?>
<!-- Generated by org.testng.reporters.JUnitReportReporter -->
<testsuite hostname="DESKTOP-CC5N6PO" failures="0" tests="2" name="com.Test.Test_001" time="49.081" errors="0" timestamp="2022-04-05T21:53:01 IST" skipped="0">
  <testcase classname="com.Test.Test_001" name="verify_001" time="16.777"/>
  <system-out/>
  <testcase classname="com.Test.Test_001" name="verify_001" time="32.304"/>
  <system-out/>
</testsuite> <!-- com.Test.Test_001 -->
